# JRE version: OpenJDK Runtime Environment Temurin-17.0.6+10 (17.0.6+10) (build 17.0.6+10)
# Java VM: OpenJDK 64-Bit Server VM Temurin-17.0.6+10 (17.0.6+10, mixed mode, tiered, compressed oops, compressed class ptrs, parallel gc, linux-amd64)
GC Precious Log:
 CPUs: 8 total, 8 available
 Memory: 7877M
 Large Page Support: Disabled
 NUMA Support: Disabled
 Compressed Oops: Enabled (32-bit)
 Alignments: Space 512K, Generation 512K, Heap 2M
 Heap Min Capacity: 100M
 Heap Initial Capacity: 100M
 Heap Max Capacity: 1G
 Pre-touch: Disabled
 Parallel Workers: 8
Heap:
 PSYoungGen      total 22016K, used 9648K [0x00000000eab00000, 0x00000000ec480000, 0x0000000100000000)
  eden space 18944K, 37% used [0x00000000eab00000,0x00000000eb1e7aa8,0x00000000ebd80000)
  from space 3072K, 83% used [0x00000000ebd80000,0x00000000ec0045f0,0x00000000ec080000)
  to   space 3584K, 0% used [0x00000000ec100000,0x00000000ec100000,0x00000000ec480000)
 ParOldGen       total 68608K, used 30800K [0x00000000c0000000, 0x00000000c4300000, 0x00000000eab00000)
  object space 68608K, 44% used [0x00000000c0000000,0x00000000c1e14080,0x00000000c4300000)
 Metaspace       used 51579K, committed 52352K, reserved 1097728K
  class space    used 5719K, committed 6080K, reserved 1048576K
GC Heap History (20 events):
Event: 6.921 GC heap before
{Heap before GC invocations=14 (full 2):
 PSYoungGen      total 24064K, used 23328K [0x00000000eab00000, 0x00000000ec600000, 0x0000000100000000)
  eden space 22528K, 100% used [0x00000000eab00000,0x00000000ec100000,0x00000000ec100000)
  from space 1536K, 52% used [0x00000000ec380000,0x00000000ec448000,0x00000000ec500000)
  to   space 1024K, 0% used [0x00000000ec500000,0x00000000ec500000,0x00000000ec600000)
 ParOldGen       total 68608K, used 12995K [0x00000000c0000000, 0x00000000c4300000, 0x00000000eab00000)
  object space 68608K, 18% used [0x00000000c0000000,0x00000000c0cb0f38,0x00000000c4300000)
 Metaspace       used 43328K, committed 44096K, reserved 1089536K
  class space    used 4705K, committed 5056K, reserved 1048576K
}
Event: 6.923 GC heap after
{Heap after GC invocations=14 (full 2):
 PSYoungGen      total 23040K, used 1024K [0x00000000eab00000, 0x00000000ec600000, 0x0000000100000000)
  eden space 22016K, 0% used [0x00000000eab00000,0x00000000eab00000,0x00000000ec080000)
  from space 1024K, 100% used [0x00000000ec500000,0x00000000ec600000,0x00000000ec600000)
  to   space 2560K, 0% used [0x00000000ec100000,0x00000000ec100000,0x00000000ec380000)
 ParOldGen       total 68608K, used 13859K [0x00000000c0000000, 0x00000000c4300000, 0x00000000eab00000)
  object space 68608K, 20% used [0x00000000c0000000,0x00000000c0d88c38,0x00000000c4300000)
 Metaspace       used 43328K, committed 44096K, reserved 1089536K
  class space    used 4705K, committed 5056K, reserved 1048576K
}
Event: 7.476 GC heap before
{Heap before GC invocations=15 (full 2):
 PSYoungGen      total 23040K, used 23040K [0x00000000eab00000, 0x00000000ec600000, 0x0000000100000000)
  eden space 22016K, 100% used [0x00000000eab00000,0x00000000ec080000,0x00000000ec080000)
  from space 1024K, 100% used [0x00000000ec500000,0x00000000ec600000,0x00000000ec600000)
  to   space 2560K, 0% used [0x00000000ec100000,0x00000000ec100000,0x00000000ec380000)
 ParOldGen       total 68608K, used 13859K [0x00000000c0000000, 0x00000000c4300000, 0x00000000eab00000)
  object space 68608K, 20% used [0x00000000c0000000,0x00000000c0d88c38,0x00000000c4300000)
 Metaspace       used 46505K, committed 47296K, reserved 1097728K
  class space    used 5114K, committed 5440K, reserved 1048576K
}
Event: 7.481 GC heap after
{Heap after GC invocations=15 (full 2):
 PSYoungGen      total 24576K, used 1704K [0x00000000eab00000, 0x00000000ec580000, 0x0000000100000000)
  eden space 22016K, 0% used [0x00000000eab00000,0x00000000eab00000,0x00000000ec080000)
  from space 2560K, 66% used [0x00000000ec100000,0x00000000ec2aa160,0x00000000ec380000)
  to   space 2048K, 0% used [0x00000000ec380000,0x00000000ec380000,0x00000000ec580000)
 ParOldGen       total 68608K, used 14907K [0x00000000c0000000, 0x00000000c4300000, 0x00000000eab00000)
  object space 68608K, 21% used [0x00000000c0000000,0x00000000c0e8ec38,0x00000000c4300000)
 Metaspace       used 46505K, committed 47296K, reserved 1097728K
  class space    used 5114K, committed 5440K, reserved 1048576K
}
Event: 7.812 GC heap before
{Heap before GC invocations=16 (full 2):
 PSYoungGen      total 24576K, used 23720K [0x00000000eab00000, 0x00000000ec580000, 0x0000000100000000)
  eden space 22016K, 100% used [0x00000000eab00000,0x00000000ec080000,0x00000000ec080000)
  from space 2560K, 66% used [0x00000000ec100000,0x00000000ec2aa160,0x00000000ec380000)
  to   space 2048K, 0% used [0x00000000ec380000,0x00000000ec380000,0x00000000ec580000)
 ParOldGen       total 68608K, used 14907K [0x00000000c0000000, 0x00000000c4300000, 0x00000000eab00000)
  object space 68608K, 21% used [0x00000000c0000000,0x00000000c0e8ec38,0x00000000c4300000)
 Metaspace       used 49268K, committed 50048K, reserved 1097728K
  class space    used 5437K, committed 5760K, reserved 1048576K
}
Event: 7.820 GC heap after
{Heap after GC invocations=16 (full 2):
 PSYoungGen      total 23040K, used 2032K [0x00000000eab00000, 0x00000000ec880000, 0x0000000100000000)
  eden space 20992K, 0% used [0x00000000eab00000,0x00000000eab00000,0x00000000ebf80000)
  from space 2048K, 99% used [0x00000000ec380000,0x00000000ec57c010,0x00000000ec580000)
  to   space 4096K, 0% used [0x00000000ebf80000,0x00000000ebf80000,0x00000000ec380000)
 ParOldGen       total 68608K, used 16527K [0x00000000c0000000, 0x00000000c4300000, 0x00000000eab00000)
  object space 68608K, 24% used [0x00000000c0000000,0x00000000c1023da8,0x00000000c4300000)
 Metaspace       used 49268K, committed 50048K, reserved 1097728K
  class space    used 5437K, committed 5760K, reserved 1048576K
}
Event: 8.108 GC heap before
{Heap before GC invocations=17 (full 2):
 PSYoungGen      total 23040K, used 23024K [0x00000000eab00000, 0x00000000ec880000, 0x0000000100000000)
  eden space 20992K, 100% used [0x00000000eab00000,0x00000000ebf80000,0x00000000ebf80000)
  from space 2048K, 99% used [0x00000000ec380000,0x00000000ec57c010,0x00000000ec580000)
  to   space 4096K, 0% used [0x00000000ebf80000,0x00000000ebf80000,0x00000000ec380000)
 ParOldGen       total 68608K, used 16527K [0x00000000c0000000, 0x00000000c4300000, 0x00000000eab00000)
  object space 68608K, 24% used [0x00000000c0000000,0x00000000c1023da8,0x00000000c4300000)
 Metaspace       used 49938K, committed 50816K, reserved 1097728K
  class space    used 5518K, committed 5888K, reserved 1048576K
}
Event: 8.113 GC heap after
{Heap after GC invocations=17 (full 2):
 PSYoungGen      total 23040K, used 1728K [0x00000000eab00000, 0x00000000ec480000, 0x0000000100000000)
  eden space 20992K, 0% used [0x00000000eab00000,0x00000000eab00000,0x00000000ebf80000)
  from space 2048K, 84% used [0x00000000ebf80000,0x00000000ec130020,0x00000000ec180000)
  to   space 2560K, 0% used [0x00000000ec200000,0x00000000ec200000,0x00000000ec480000)
 ParOldGen       total 68608K, used 18571K [0x00000000c0000000, 0x00000000c4300000, 0x00000000eab00000)
  object space 68608K, 27% used [0x00000000c0000000,0x00000000c1222dd8,0x00000000c4300000)
 Metaspace       used 49938K, committed 50816K, reserved 1097728K
  class space    used 5518K, committed 5888K, reserved 1048576K
}
Event: 8.248 GC heap before
{Heap before GC invocations=18 (full 2):
 PSYoungGen      total 23040K, used 22720K [0x00000000eab00000, 0x00000000ec480000, 0x0000000100000000)
  eden space 20992K, 100% used [0x00000000eab00000,0x00000000ebf80000,0x00000000ebf80000)
  from space 2048K, 84% used [0x00000000ebf80000,0x00000000ec130020,0x00000000ec180000)
  to   space 2560K, 0% used [0x00000000ec200000,0x00000000ec200000,0x00000000ec480000)
 ParOldGen       total 68608K, used 18571K [0x00000000c0000000, 0x00000000c4300000, 0x00000000eab00000)
  object space 68608K, 27% used [0x00000000c0000000,0x00000000c1222dd8,0x00000000c4300000)
 Metaspace       used 50034K, committed 50880K, reserved 1097728K
  class space    used 5522K, committed 5888K, reserved 1048576K
}
Event: 8.250 GC heap after
{Heap after GC invocations=18 (full 2):
 PSYoungGen      total 23040K, used 1792K [0x00000000eab00000, 0x00000000ec400000, 0x0000000100000000)
  eden space 20992K, 0% used [0x00000000eab00000,0x00000000eab00000,0x00000000ebf80000)
  from space 2048K, 87% used [0x00000000ec200000,0x00000000ec3c0000,0x00000000ec400000)
  to   space 2048K, 0% used [0x00000000ebf80000,0x00000000ebf80000,0x00000000ec180000)
 ParOldGen       total 68608K, used 20199K [0x00000000c0000000, 0x00000000c4300000, 0x00000000eab00000)
  object space 68608K, 29% used [0x00000000c0000000,0x00000000c13b9e18,0x00000000c4300000)
 Metaspace       used 50034K, committed 50880K, reserved 1097728K
  class space    used 5522K, committed 5888K, reserved 1048576K
}
Event: 8.332 GC heap before
{Heap before GC invocations=19 (full 2):
 PSYoungGen      total 23040K, used 22784K [0x00000000eab00000, 0x00000000ec400000, 0x0000000100000000)
  eden space 20992K, 100% used [0x00000000eab00000,0x00000000ebf80000,0x00000000ebf80000)
  from space 2048K, 87% used [0x00000000ec200000,0x00000000ec3c0000,0x00000000ec400000)
  to   space 2048K, 0% used [0x00000000ebf80000,0x00000000ebf80000,0x00000000ec180000)
 ParOldGen       total 68608K, used 20199K [0x00000000c0000000, 0x00000000c4300000, 0x00000000eab00000)
  object space 68608K, 29% used [0x00000000c0000000,0x00000000c13b9e18,0x00000000c4300000)
 Metaspace       used 50112K, committed 50944K, reserved 1097728K
  class space    used 5525K, committed 5888K, reserved 1048576K
}
Event: 8.335 GC heap after
{Heap after GC invocations=19 (full 2):
 PSYoungGen      total 23040K, used 2034K [0x00000000eab00000, 0x00000000ec780000, 0x0000000100000000)
  eden space 20992K, 0% used [0x00000000eab00000,0x00000000eab00000,0x00000000ebf80000)
  from space 2048K, 99% used [0x00000000ebf80000,0x00000000ec17cb28,0x00000000ec180000)
  to   space 4096K, 0% used [0x00000000ec380000,0x00000000ec380000,0x00000000ec780000)
 ParOldGen       total 68608K, used 21871K [0x00000000c0000000, 0x00000000c4300000, 0x00000000eab00000)
  object space 68608K, 31% used [0x00000000c0000000,0x00000000c155be18,0x00000000c4300000)
 Metaspace       used 50112K, committed 50944K, reserved 1097728K
  class space    used 5525K, committed 5888K, reserved 1048576K
}
Event: 8.426 GC heap before
{Heap before GC invocations=20 (full 2):
 PSYoungGen      total 23040K, used 23026K [0x00000000eab00000, 0x00000000ec780000, 0x0000000100000000)
  eden space 20992K, 100% used [0x00000000eab00000,0x00000000ebf80000,0x00000000ebf80000)
  from space 2048K, 99% used [0x00000000ebf80000,0x00000000ec17cb28,0x00000000ec180000)
  to   space 4096K, 0% used [0x00000000ec380000,0x00000000ec380000,0x00000000ec780000)
 ParOldGen       total 68608K, used 21871K [0x00000000c0000000, 0x00000000c4300000, 0x00000000eab00000)
  object space 68608K, 31% used [0x00000000c0000000,0x00000000c155be18,0x00000000c4300000)
 Metaspace       used 50175K, committed 51008K, reserved 1097728K
  class space    used 5537K, committed 5888K, reserved 1048576K
}
Event: 8.432 GC heap after
{Heap after GC invocations=20 (full 2):
 PSYoungGen      total 23552K, used 2464K [0x00000000eab00000, 0x00000000ec600000, 0x0000000100000000)
  eden space 20992K, 0% used [0x00000000eab00000,0x00000000eab00000,0x00000000ebf80000)
  from space 2560K, 96% used [0x00000000ec380000,0x00000000ec5e8010,0x00000000ec600000)
  to   space 3072K, 0% used [0x00000000ec000000,0x00000000ec000000,0x00000000ec300000)
 ParOldGen       total 68608K, used 23874K [0x00000000c0000000, 0x00000000c4300000, 0x00000000eab00000)
  object space 68608K, 34% used [0x00000000c0000000,0x00000000c1750940,0x00000000c4300000)
 Metaspace       used 50175K, committed 51008K, reserved 1097728K
  class space    used 5537K, committed 5888K, reserved 1048576K
}
Event: 8.482 GC heap before
{Heap before GC invocations=21 (full 2):
 PSYoungGen      total 23552K, used 23456K [0x00000000eab00000, 0x00000000ec600000, 0x0000000100000000)
  eden space 20992K, 100% used [0x00000000eab00000,0x00000000ebf80000,0x00000000ebf80000)
  from space 2560K, 96% used [0x00000000ec380000,0x00000000ec5e8010,0x00000000ec600000)
  to   space 3072K, 0% used [0x00000000ec000000,0x00000000ec000000,0x00000000ec300000)
 ParOldGen       total 68608K, used 23874K [0x00000000c0000000, 0x00000000c4300000, 0x00000000eab00000)
  object space 68608K, 34% used [0x00000000c0000000,0x00000000c1750940,0x00000000c4300000)
 Metaspace       used 50176K, committed 51008K, reserved 1097728K
  class space    used 5537K, committed 5888K, reserved 1048576K
}
Event: 8.486 GC heap after
{Heap after GC invocations=21 (full 2):
 PSYoungGen      total 23552K, used 2496K [0x00000000eab00000, 0x00000000ec480000, 0x0000000100000000)
  eden space 20992K, 0% used [0x00000000eab00000,0x00000000eab00000,0x00000000ebf80000)
  from space 2560K, 97% used [0x00000000ec000000,0x00000000ec270010,0x00000000ec280000)
  to   space 2048K, 0% used [0x00000000ec280000,0x00000000ec280000,0x00000000ec480000)
 ParOldGen       total 68608K, used 26249K [0x00000000c0000000, 0x00000000c4300000, 0x00000000eab00000)
  object space 68608K, 38% used [0x00000000c0000000,0x00000000c19a27f0,0x00000000c4300000)
 Metaspace       used 50176K, committed 51008K, reserved 1097728K
  class space    used 5537K, committed 5888K, reserved 1048576K
}
Event: 8.542 GC heap before
{Heap before GC invocations=22 (full 2):
 PSYoungGen      total 23552K, used 23488K [0x00000000eab00000, 0x00000000ec480000, 0x0000000100000000)
  eden space 20992K, 100% used [0x00000000eab00000,0x00000000ebf80000,0x00000000ebf80000)
  from space 2560K, 97% used [0x00000000ec000000,0x00000000ec270010,0x00000000ec280000)
  to   space 2048K, 0% used [0x00000000ec280000,0x00000000ec280000,0x00000000ec480000)
 ParOldGen       total 68608K, used 26249K [0x00000000c0000000, 0x00000000c4300000, 0x00000000eab00000)
  object space 68608K, 38% used [0x00000000c0000000,0x00000000c19a27f0,0x00000000c4300000)
 Metaspace       used 50176K, committed 51008K, reserved 1097728K
  class space    used 5537K, committed 5888K, reserved 1048576K
}
Event: 8.551 GC heap after
{Heap after GC invocations=22 (full 2):
 PSYoungGen      total 20992K, used 2048K [0x00000000eab00000, 0x00000000ec980000, 0x0000000100000000)
  eden space 18944K, 0% used [0x00000000eab00000,0x00000000eab00000,0x00000000ebd80000)
  from space 2048K, 100% used [0x00000000ec280000,0x00000000ec480000,0x00000000ec480000)
  to   space 5120K, 0% used [0x00000000ebd80000,0x00000000ebd80000,0x00000000ec280000)
 ParOldGen       total 68608K, used 28714K [0x00000000c0000000, 0x00000000c4300000, 0x00000000eab00000)
  object space 68608K, 41% used [0x00000000c0000000,0x00000000c1c0a800,0x00000000c4300000)
 Metaspace       used 50176K, committed 51008K, reserved 1097728K
  class space    used 5537K, committed 5888K, reserved 1048576K
}
Event: 8.794 GC heap before
{Heap before GC invocations=23 (full 2):
 PSYoungGen      total 20992K, used 20785K [0x00000000eab00000, 0x00000000ec980000, 0x0000000100000000)
  eden space 18944K, 98% used [0x00000000eab00000,0x00000000ebd4c648,0x00000000ebd80000)
  from space 2048K, 100% used [0x00000000ec280000,0x00000000ec480000,0x00000000ec480000)
  to   space 5120K, 0% used [0x00000000ebd80000,0x00000000ebd80000,0x00000000ec280000)
 ParOldGen       total 68608K, used 28714K [0x00000000c0000000, 0x00000000c4300000, 0x00000000eab00000)
  object space 68608K, 41% used [0x00000000c0000000,0x00000000c1c0a800,0x00000000c4300000)
 Metaspace       used 50629K, committed 51456K, reserved 1097728K
  class space    used 5572K, committed 5952K, reserved 1048576K
}
Event: 8.800 GC heap after
{Heap after GC invocations=23 (full 2):
 PSYoungGen      total 22016K, used 2577K [0x00000000eab00000, 0x00000000ec480000, 0x0000000100000000)
  eden space 18944K, 0% used [0x00000000eab00000,0x00000000eab00000,0x00000000ebd80000)
  from space 3072K, 83% used [0x00000000ebd80000,0x00000000ec0045f0,0x00000000ec080000)
  to   space 3584K, 0% used [0x00000000ec100000,0x00000000ec100000,0x00000000ec480000)
 ParOldGen       total 68608K, used 30800K [0x00000000c0000000, 0x00000000c4300000, 0x00000000eab00000)
  object space 68608K, 44% used [0x00000000c0000000,0x00000000c1e14080,0x00000000c4300000)
 Metaspace       used 50629K, committed 51456K, reserved 1097728K
  class space    used 5572K, committed 5952K, reserved 1048576K
}

