# JRE version: OpenJDK Runtime Environment Temurin-17.0.6+10 (17.0.6+10) (build 17.0.6+10)
# Java VM: OpenJDK 64-Bit Server VM Temurin-17.0.6+10 (17.0.6+10, mixed mode, tiered, compressed oops, compressed class ptrs, parallel gc, linux-amd64)
GC Precious Log:
 CPUs: 8 total, 8 available
 Memory: 7877M
 Large Page Support: Disabled
 NUMA Support: Disabled
 Compressed Oops: Enabled (32-bit)
 Alignments: Space 512K, Generation 512K, Heap 2M
 Heap Min Capacity: 100M
 Heap Initial Capacity: 100M
 Heap Max Capacity: 1G
 Pre-touch: Disabled
 Parallel Workers: 8
Heap:
 PSYoungGen      total 10752K, used 10752K [0x00000000eab00000, 0x00000000ebe80000, 0x0000000100000000)
  eden space 6656K, 100% used [0x00000000eab00000,0x00000000eb180000,0x00000000eb180000)
  from space 4096K, 100% used [0x00000000eba80000,0x00000000ebe80000,0x00000000ebe80000)
  to   space 5632K, 18% used [0x00000000eb380000,0x00000000eb485650,0x00000000eb900000)
 ParOldGen       total 119296K, used 77363K [0x00000000c0000000, 0x00000000c7480000, 0x00000000eab00000)
  object space 119296K, 64% used [0x00000000c0000000,0x00000000c4b8cf30,0x00000000c7480000)
 Metaspace       used 58626K, committed 59456K, reserved 1105920K
  class space    used 6226K, committed 6592K, reserved 1048576K
GC Heap History (20 events):
Event: 9.005 GC heap after
{Heap after GC invocations=27 (full 2):
 PSYoungGen      total 24576K, used 960K [0x00000000eab00000, 0x00000000ec480000, 0x0000000100000000)
  eden space 22016K, 0% used [0x00000000eab00000,0x00000000eab00000,0x00000000ec080000)
  from space 2560K, 37% used [0x00000000ec080000,0x00000000ec170000,0x00000000ec300000)
  to   space 1536K, 0% used [0x00000000ec300000,0x00000000ec300000,0x00000000ec480000)
 ParOldGen       total 68608K, used 32576K [0x00000000c0000000, 0x00000000c4300000, 0x00000000eab00000)
  object space 68608K, 47% used [0x00000000c0000000,0x00000000c1fd0338,0x00000000c4300000)
 Metaspace       used 58043K, committed 58880K, reserved 1105920K
  class space    used 6170K, committed 6528K, reserved 1048576K
}
Event: 9.213 GC heap before
{Heap before GC invocations=28 (full 2):
 PSYoungGen      total 24576K, used 19177K [0x00000000eab00000, 0x00000000ec480000, 0x0000000100000000)
  eden space 22016K, 82% used [0x00000000eab00000,0x00000000ebcca4c0,0x00000000ec080000)
  from space 2560K, 37% used [0x00000000ec080000,0x00000000ec170000,0x00000000ec300000)
  to   space 1536K, 0% used [0x00000000ec300000,0x00000000ec300000,0x00000000ec480000)
 ParOldGen       total 68608K, used 32576K [0x00000000c0000000, 0x00000000c4300000, 0x00000000eab00000)
  object space 68608K, 47% used [0x00000000c0000000,0x00000000c1fd0338,0x00000000c4300000)
 Metaspace       used 58497K, committed 59328K, reserved 1105920K
  class space    used 6220K, committed 6592K, reserved 1048576K
}
Event: 9.217 GC heap after
{Heap after GC invocations=28 (full 2):
 PSYoungGen      total 22528K, used 512K [0x00000000eab00000, 0x00000000ec380000, 0x0000000100000000)
  eden space 22016K, 0% used [0x00000000eab00000,0x00000000eab00000,0x00000000ec080000)
  from space 512K, 100% used [0x00000000ec300000,0x00000000ec380000,0x00000000ec380000)
  to   space 1024K, 0% used [0x00000000ec180000,0x00000000ec180000,0x00000000ec280000)
 ParOldGen       total 68608K, used 39842K [0x00000000c0000000, 0x00000000c4300000, 0x00000000eab00000)
  object space 68608K, 58% used [0x00000000c0000000,0x00000000c26e8890,0x00000000c4300000)
 Metaspace       used 58497K, committed 59328K, reserved 1105920K
  class space    used 6220K, committed 6592K, reserved 1048576K
}
Event: 9.270 GC heap before
{Heap before GC invocations=29 (full 3):
 PSYoungGen      total 22528K, used 22528K [0x00000000eab00000, 0x00000000ec380000, 0x0000000100000000)
  eden space 22016K, 100% used [0x00000000eab00000,0x00000000ec080000,0x00000000ec080000)
  from space 512K, 100% used [0x00000000ec300000,0x00000000ec380000,0x00000000ec380000)
  to   space 1024K, 0% used [0x00000000ec180000,0x00000000ec180000,0x00000000ec280000)
 ParOldGen       total 68608K, used 66171K [0x00000000c0000000, 0x00000000c4300000, 0x00000000eab00000)
  object space 68608K, 96% used [0x00000000c0000000,0x00000000c409ee40,0x00000000c4300000)
 Metaspace       used 58504K, committed 59392K, reserved 1105920K
  class space    used 6221K, committed 6592K, reserved 1048576K
}
Event: 9.328 GC heap after
{Heap after GC invocations=29 (full 3):
 PSYoungGen      total 23040K, used 0K [0x00000000eab00000, 0x00000000ec380000, 0x0000000100000000)
  eden space 22016K, 0% used [0x00000000eab00000,0x00000000eab00000,0x00000000ec080000)
  from space 1024K, 0% used [0x00000000ec180000,0x00000000ec180000,0x00000000ec280000)
  to   space 1024K, 0% used [0x00000000ec280000,0x00000000ec280000,0x00000000ec380000)
 ParOldGen       total 79872K, used 46165K [0x00000000c0000000, 0x00000000c4e00000, 0x00000000eab00000)
  object space 79872K, 57% used [0x00000000c0000000,0x00000000c2d15730,0x00000000c4e00000)
 Metaspace       used 58504K, committed 59392K, reserved 1105920K
  class space    used 6221K, committed 6592K, reserved 1048576K
}
Event: 9.396 GC heap before
{Heap before GC invocations=30 (full 3):
 PSYoungGen      total 23040K, used 22016K [0x00000000eab00000, 0x00000000ec380000, 0x0000000100000000)
  eden space 22016K, 100% used [0x00000000eab00000,0x00000000ec080000,0x00000000ec080000)
  from space 1024K, 0% used [0x00000000ec180000,0x00000000ec180000,0x00000000ec280000)
  to   space 1024K, 0% used [0x00000000ec280000,0x00000000ec280000,0x00000000ec380000)
 ParOldGen       total 79872K, used 46165K [0x00000000c0000000, 0x00000000c4e00000, 0x00000000eab00000)
  object space 79872K, 57% used [0x00000000c0000000,0x00000000c2d15730,0x00000000c4e00000)
 Metaspace       used 58504K, committed 59392K, reserved 1105920K
  class space    used 6221K, committed 6592K, reserved 1048576K
}
Event: 9.405 GC heap after
{Heap after GC invocations=30 (full 3):
 PSYoungGen      total 6656K, used 1024K [0x00000000eab00000, 0x00000000ee400000, 0x0000000100000000)
  eden space 5632K, 0% used [0x00000000eab00000,0x00000000eab00000,0x00000000eb080000)
  from space 1024K, 100% used [0x00000000ec280000,0x00000000ec380000,0x00000000ec380000)
  to   space 18432K, 0% used [0x00000000eb080000,0x00000000eb080000,0x00000000ec280000)
 ParOldGen       total 79872K, used 60725K [0x00000000c0000000, 0x00000000c4e00000, 0x00000000eab00000)
  object space 79872K, 76% used [0x00000000c0000000,0x00000000c3b4d730,0x00000000c4e00000)
 Metaspace       used 58504K, committed 59392K, reserved 1105920K
  class space    used 6221K, committed 6592K, reserved 1048576K
}
Event: 9.417 GC heap before
{Heap before GC invocations=31 (full 3):
 PSYoungGen      total 6656K, used 6656K [0x00000000eab00000, 0x00000000ee400000, 0x0000000100000000)
  eden space 5632K, 100% used [0x00000000eab00000,0x00000000eb080000,0x00000000eb080000)
  from space 1024K, 100% used [0x00000000ec280000,0x00000000ec380000,0x00000000ec380000)
  to   space 18432K, 0% used [0x00000000eb080000,0x00000000eb080000,0x00000000ec280000)
 ParOldGen       total 79872K, used 60725K [0x00000000c0000000, 0x00000000c4e00000, 0x00000000eab00000)
  object space 79872K, 76% used [0x00000000c0000000,0x00000000c3b4d730,0x00000000c4e00000)
 Metaspace       used 58504K, committed 59392K, reserved 1105920K
  class space    used 6221K, committed 6592K, reserved 1048576K
}
Event: 9.420 GC heap after
{Heap after GC invocations=31 (full 3):
 PSYoungGen      total 9728K, used 4032K [0x00000000eab00000, 0x00000000ec300000, 0x0000000100000000)
  eden space 5632K, 0% used [0x00000000eab00000,0x00000000eab00000,0x00000000eb080000)
  from space 4096K, 98% used [0x00000000eb080000,0x00000000eb470000,0x00000000eb480000)
  to   space 8192K, 0% used [0x00000000ebb00000,0x00000000ebb00000,0x00000000ec300000)
 ParOldGen       total 79872K, used 61765K [0x00000000c0000000, 0x00000000c4e00000, 0x00000000eab00000)
  object space 79872K, 77% used [0x00000000c0000000,0x00000000c3c51730,0x00000000c4e00000)
 Metaspace       used 58504K, committed 59392K, reserved 1105920K
  class space    used 6221K, committed 6592K, reserved 1048576K
}
Event: 9.431 GC heap before
{Heap before GC invocations=32 (full 3):
 PSYoungGen      total 9728K, used 9664K [0x00000000eab00000, 0x00000000ec300000, 0x0000000100000000)
  eden space 5632K, 100% used [0x00000000eab00000,0x00000000eb080000,0x00000000eb080000)
  from space 4096K, 98% used [0x00000000eb080000,0x00000000eb470000,0x00000000eb480000)
  to   space 8192K, 0% used [0x00000000ebb00000,0x00000000ebb00000,0x00000000ec300000)
 ParOldGen       total 79872K, used 61765K [0x00000000c0000000, 0x00000000c4e00000, 0x00000000eab00000)
  object space 79872K, 77% used [0x00000000c0000000,0x00000000c3c51730,0x00000000c4e00000)
 Metaspace       used 58504K, committed 59392K, reserved 1105920K
  class space    used 6221K, committed 6592K, reserved 1048576K
}
Event: 9.435 GC heap after
{Heap after GC invocations=32 (full 3):
 PSYoungGen      total 9728K, used 3968K [0x00000000eab00000, 0x00000000ebf00000, 0x0000000100000000)
  eden space 5632K, 0% used [0x00000000eab00000,0x00000000eab00000,0x00000000eb080000)
  from space 4096K, 96% used [0x00000000ebb00000,0x00000000ebee0000,0x00000000ebf00000)
  to   space 5120K, 0% used [0x00000000eb500000,0x00000000eb500000,0x00000000eba00000)
 ParOldGen       total 79872K, used 65733K [0x00000000c0000000, 0x00000000c4e00000, 0x00000000eab00000)
  object space 79872K, 82% used [0x00000000c0000000,0x00000000c4031730,0x00000000c4e00000)
 Metaspace       used 58504K, committed 59392K, reserved 1105920K
  class space    used 6221K, committed 6592K, reserved 1048576K
}
Event: 9.443 GC heap before
{Heap before GC invocations=33 (full 3):
 PSYoungGen      total 9728K, used 9600K [0x00000000eab00000, 0x00000000ebf00000, 0x0000000100000000)
  eden space 5632K, 100% used [0x00000000eab00000,0x00000000eb080000,0x00000000eb080000)
  from space 4096K, 96% used [0x00000000ebb00000,0x00000000ebee0000,0x00000000ebf00000)
  to   space 5120K, 0% used [0x00000000eb500000,0x00000000eb500000,0x00000000eba00000)
 ParOldGen       total 79872K, used 65733K [0x00000000c0000000, 0x00000000c4e00000, 0x00000000eab00000)
  object space 79872K, 82% used [0x00000000c0000000,0x00000000c4031730,0x00000000c4e00000)
 Metaspace       used 58504K, committed 59392K, reserved 1105920K
  class space    used 6221K, committed 6592K, reserved 1048576K
}
Event: 9.447 GC heap after
{Heap after GC invocations=33 (full 3):
 PSYoungGen      total 9728K, used 4032K [0x00000000eab00000, 0x00000000ebb80000, 0x0000000100000000)
  eden space 5632K, 0% used [0x00000000eab00000,0x00000000eab00000,0x00000000eb080000)
  from space 4096K, 98% used [0x00000000eb500000,0x00000000eb8f0000,0x00000000eb900000)
  to   space 2560K, 0% used [0x00000000eb900000,0x00000000eb900000,0x00000000ebb80000)
 ParOldGen       total 79872K, used 69701K [0x00000000c0000000, 0x00000000c4e00000, 0x00000000eab00000)
  object space 79872K, 87% used [0x00000000c0000000,0x00000000c4411730,0x00000000c4e00000)
 Metaspace       used 58504K, committed 59392K, reserved 1105920K
  class space    used 6221K, committed 6592K, reserved 1048576K
}
Event: 9.457 GC heap before
{Heap before GC invocations=34 (full 3):
 PSYoungGen      total 9728K, used 9664K [0x00000000eab00000, 0x00000000ebb80000, 0x0000000100000000)
  eden space 5632K, 100% used [0x00000000eab00000,0x00000000eb080000,0x00000000eb080000)
  from space 4096K, 98% used [0x00000000eb500000,0x00000000eb8f0000,0x00000000eb900000)
  to   space 2560K, 0% used [0x00000000eb900000,0x00000000eb900000,0x00000000ebb80000)
 ParOldGen       total 79872K, used 69701K [0x00000000c0000000, 0x00000000c4e00000, 0x00000000eab00000)
  object space 79872K, 87% used [0x00000000c0000000,0x00000000c4411730,0x00000000c4e00000)
 Metaspace       used 58504K, committed 59392K, reserved 1105920K
  class space    used 6221K, committed 6592K, reserved 1048576K
}
Event: 9.462 GC heap after
{Heap after GC invocations=34 (full 3):
 PSYoungGen      total 8192K, used 2560K [0x00000000eab00000, 0x00000000ec380000, 0x0000000100000000)
  eden space 5632K, 0% used [0x00000000eab00000,0x00000000eab00000,0x00000000eb080000)
  from space 2560K, 100% used [0x00000000eb900000,0x00000000ebb80000,0x00000000ebb80000)
  to   space 8704K, 0% used [0x00000000eb080000,0x00000000eb080000,0x00000000eb900000)
 ParOldGen       total 79872K, used 75029K [0x00000000c0000000, 0x00000000c4e00000, 0x00000000eab00000)
  object space 79872K, 93% used [0x00000000c0000000,0x00000000c4945730,0x00000000c4e00000)
 Metaspace       used 58504K, committed 59392K, reserved 1105920K
  class space    used 6221K, committed 6592K, reserved 1048576K
}
Event: 9.462 GC heap before
{Heap before GC invocations=35 (full 4):
 PSYoungGen      total 8192K, used 2560K [0x00000000eab00000, 0x00000000ec380000, 0x0000000100000000)
  eden space 5632K, 0% used [0x00000000eab00000,0x00000000eab00000,0x00000000eb080000)
  from space 2560K, 100% used [0x00000000eb900000,0x00000000ebb80000,0x00000000ebb80000)
  to   space 8704K, 0% used [0x00000000eb080000,0x00000000eb080000,0x00000000eb900000)
 ParOldGen       total 79872K, used 75029K [0x00000000c0000000, 0x00000000c4e00000, 0x00000000eab00000)
  object space 79872K, 93% used [0x00000000c0000000,0x00000000c4945730,0x00000000c4e00000)
 Metaspace       used 58504K, committed 59392K, reserved 1105920K
  class space    used 6221K, committed 6592K, reserved 1048576K
}
Event: 9.529 GC heap after
{Heap after GC invocations=35 (full 4):
 PSYoungGen      total 14336K, used 0K [0x00000000eab00000, 0x00000000ec300000, 0x0000000100000000)
  eden space 5632K, 0% used [0x00000000eab00000,0x00000000eab00000,0x00000000eb080000)
  from space 8704K, 0% used [0x00000000eb080000,0x00000000eb080000,0x00000000eb900000)
  to   space 8704K, 0% used [0x00000000eba80000,0x00000000eba80000,0x00000000ec300000)
 ParOldGen       total 119296K, used 77363K [0x00000000c0000000, 0x00000000c7480000, 0x00000000eab00000)
  object space 119296K, 64% used [0x00000000c0000000,0x00000000c4b8cf30,0x00000000c7480000)
 Metaspace       used 58504K, committed 59392K, reserved 1105920K
  class space    used 6221K, committed 6592K, reserved 1048576K
}
Event: 9.536 GC heap before
{Heap before GC invocations=36 (full 4):
 PSYoungGen      total 14336K, used 5632K [0x00000000eab00000, 0x00000000ec300000, 0x0000000100000000)
  eden space 5632K, 100% used [0x00000000eab00000,0x00000000eb080000,0x00000000eb080000)
  from space 8704K, 0% used [0x00000000eb080000,0x00000000eb080000,0x00000000eb900000)
  to   space 8704K, 0% used [0x00000000eba80000,0x00000000eba80000,0x00000000ec300000)
 ParOldGen       total 119296K, used 77363K [0x00000000c0000000, 0x00000000c7480000, 0x00000000eab00000)
  object space 119296K, 64% used [0x00000000c0000000,0x00000000c4b8cf30,0x00000000c7480000)
 Metaspace       used 58504K, committed 59392K, reserved 1105920K
  class space    used 6221K, committed 6592K, reserved 1048576K
}
Event: 9.540 GC heap after
{Heap after GC invocations=36 (full 4):
 PSYoungGen      total 10752K, used 4096K [0x00000000eab00000, 0x00000000ebe80000, 0x0000000100000000)
  eden space 6656K, 0% used [0x00000000eab00000,0x00000000eab00000,0x00000000eb180000)
  from space 4096K, 100% used [0x00000000eba80000,0x00000000ebe80000,0x00000000ebe80000)
  to   space 5632K, 0% used [0x00000000eb380000,0x00000000eb380000,0x00000000eb900000)
 ParOldGen       total 119296K, used 77363K [0x00000000c0000000, 0x00000000c7480000, 0x00000000eab00000)
  object space 119296K, 64% used [0x00000000c0000000,0x00000000c4b8cf30,0x00000000c7480000)
 Metaspace       used 58504K, committed 59392K, reserved 1105920K
  class space    used 6221K, committed 6592K, reserved 1048576K
}
Event: 19.886 GC heap before
{Heap before GC invocations=37 (full 4):
 PSYoungGen      total 10752K, used 10752K [0x00000000eab00000, 0x00000000ebe80000, 0x0000000100000000)
  eden space 6656K, 100% used [0x00000000eab00000,0x00000000eb180000,0x00000000eb180000)
  from space 4096K, 100% used [0x00000000eba80000,0x00000000ebe80000,0x00000000ebe80000)
  to   space 5632K, 0% used [0x00000000eb380000,0x00000000eb380000,0x00000000eb900000)
 ParOldGen       total 119296K, used 77363K [0x00000000c0000000, 0x00000000c7480000, 0x00000000eab00000)
  object space 119296K, 64% used [0x00000000c0000000,0x00000000c4b8cf30,0x00000000c7480000)
 Metaspace       used 58626K, committed 59456K, reserved 1105920K
  class space    used 6226K, committed 6592K, reserved 1048576K
}

